This is pdfTeX, Version 3.14159265-2.6-1.40.20 (TeX Live 2019/Debian) (preloaded format=pdflatex 2020.6.11)  22 FEB 2021 12:16
entering extended mode
 restricted \write18 enabled.
 %&-line parsing enabled.
**main.tex
(./main.tex
LaTeX2e <2020-02-02> patch level 2
L3 programming layer <2020-02-14>
(/usr/share/texlive/texmf-dist/tex/latex/base/article.cls
Document Class: article 2019/12/20 v1.4l Standard LaTeX document class
(/usr/share/texlive/texmf-dist/tex/latex/base/size12.clo
File: size12.clo 2019/12/20 v1.4l Standard LaTeX file (size option)
)
\c@part=\count167
\c@section=\count168
\c@subsection=\count169
\c@subsubsection=\count170
\c@paragraph=\count171
\c@subparagraph=\count172
\c@figure=\count173
\c@table=\count174
\abovecaptionskip=\skip47
\belowcaptionskip=\skip48
\bibindent=\dimen134
) (./libs.sty
(/usr/share/texlive/texmf-dist/tex/latex/base/inputenc.sty
Package: inputenc 2018/08/11 v1.3c Input encoding file
\inpenc@prehook=\toks14
\inpenc@posthook=\toks15
)
(/usr/share/texlive/texmf-dist/tex/generic/babel/babel.sty
Package: babel 2020/02/14 3.40 The Babel package

(/usr/share/texlive/texmf-dist/tex/generic/babel/switch.def
File: switch.def 2020/02/14 3.40 Babel switching mechanism
)
(/usr/share/texlive/texmf-dist/tex/generic/babel-english/english.ldf
Language: english 2017/06/06 v3.3r English support from the babel system

(/usr/share/texlive/texmf-dist/tex/generic/babel/babel.def
File: babel.def 2020/02/14 3.40 Babel common definitions
\babel@savecnt=\count175
\U@D=\dimen135

(/usr/share/texlive/texmf-dist/tex/generic/babel/txtbabel.def)
\bbl@readstream=\read2
\bbl@dirlevel=\count176
)
Package babel Info: \l@canadian = using hyphenrules for english
(babel)             (\language0) on input line 102.
Package babel Info: \l@australian = using hyphenrules for ukenglish
(babel)             (\language37) on input line 105.
Package babel Info: \l@newzealand = using hyphenrules for ukenglish
(babel)             (\language37) on input line 108.
))
(/usr/share/texmf/tex/latex/CJK/CJKutf8.sty
Package: CJKutf8 2015/04/18 4.8.4

(/usr/share/texlive/texmf-dist/tex/generic/iftex/ifpdf.sty
Package: ifpdf 2019/10/25 v3.4 ifpdf legacy package. Use iftex instead.

(/usr/share/texlive/texmf-dist/tex/generic/iftex/iftex.sty
Package: iftex 2019/11/07 v1.0c TeX engine tests
))
(/usr/share/texmf/tex/latex/CJK/CJK.sty
Package: CJK 2015/04/18 4.8.4

(/usr/share/texmf/tex/latex/CJK/mule/MULEenc.sty
Package: MULEenc 2015/04/18 4.8.4
)
(/usr/share/texmf/tex/latex/CJK/CJK.enc
File: CJK.enc 2015/04/18 4.8.4
Now handling font encoding C00 ...
... no UTF-8 mapping file for font encoding C00
Now handling font encoding C05 ...
... no UTF-8 mapping file for font encoding C05
Now handling font encoding C09 ...
... no UTF-8 mapping file for font encoding C09
Now handling font encoding C10 ...
... no UTF-8 mapping file for font encoding C10
Now handling font encoding C20 ...
... no UTF-8 mapping file for font encoding C20
Now handling font encoding C19 ...
... no UTF-8 mapping file for font encoding C19
Now handling font encoding C40 ...
... no UTF-8 mapping file for font encoding C40
Now handling font encoding C42 ...
... no UTF-8 mapping file for font encoding C42
Now handling font encoding C43 ...
... no UTF-8 mapping file for font encoding C43
Now handling font encoding C50 ...
... no UTF-8 mapping file for font encoding C50
Now handling font encoding C52 ...
... no UTF-8 mapping file for font encoding C52
Now handling font encoding C49 ...
... no UTF-8 mapping file for font encoding C49
Now handling font encoding C60 ...
... no UTF-8 mapping file for font encoding C60
Now handling font encoding C61 ...
... no UTF-8 mapping file for font encoding C61
Now handling font encoding C63 ...
... no UTF-8 mapping file for font encoding C63
Now handling font encoding C64 ...
... no UTF-8 mapping file for font encoding C64
Now handling font encoding C65 ...
... no UTF-8 mapping file for font encoding C65
Now handling font encoding C70 ...
... no UTF-8 mapping file for font encoding C70
Now handling font encoding C31 ...
... no UTF-8 mapping file for font encoding C31
Now handling font encoding C32 ...
... no UTF-8 mapping file for font encoding C32
Now handling font encoding C33 ...
... no UTF-8 mapping file for font encoding C33
Now handling font encoding C34 ...
... no UTF-8 mapping file for font encoding C34
Now handling font encoding C35 ...
... no UTF-8 mapping file for font encoding C35
Now handling font encoding C36 ...
... no UTF-8 mapping file for font encoding C36
Now handling font encoding C37 ...
... no UTF-8 mapping file for font encoding C37
Now handling font encoding C80 ...
... no UTF-8 mapping file for font encoding C80
Now handling font encoding C81 ...
... no UTF-8 mapping file for font encoding C81
Now handling font encoding C01 ...
... no UTF-8 mapping file for font encoding C01
Now handling font encoding C11 ...
... no UTF-8 mapping file for font encoding C11
Now handling font encoding C21 ...
... no UTF-8 mapping file for font encoding C21
Now handling font encoding C41 ...
... no UTF-8 mapping file for font encoding C41
Now handling font encoding C62 ...
... no UTF-8 mapping file for font encoding C62
)
LaTeX Info: Redefining \selectfont on input line 755.
\CJK@indent=\box45
)
(/usr/share/texlive/texmf-dist/tex/latex/base/fontenc.sty
Package: fontenc 2020/02/11 v2.0o Standard LaTeX package
))
(/usr/share/texlive/texmf-dist/tex/latex/fancyhdr/fancyhdr.sty
Package: fancyhdr 2019/01/31 v3.10 Extensive control of page headers and footer
s
\f@nch@headwidth=\skip49
\f@nch@O@elh=\skip50
\f@nch@O@erh=\skip51
\f@nch@O@olh=\skip52
\f@nch@O@orh=\skip53
\f@nch@O@elf=\skip54
\f@nch@O@erf=\skip55
\f@nch@O@olf=\skip56
\f@nch@O@orf=\skip57
)
(/usr/share/texlive/texmf-dist/tex/latex/tocbibind/tocbibind.sty
Package: tocbibind 2010/10/13 v1.5k extra ToC listings
Package tocbibind Info: The document has section divisions on input line 50.


Package tocbibind Note: Using section or other style headings.

) (/usr/share/texlive/texmf-dist/tex/latex/geometry/geometry.sty
Package: geometry 2020/01/02 v5.9 Page Geometry

(/usr/share/texlive/texmf-dist/tex/latex/graphics/keyval.sty
Package: keyval 2014/10/28 v1.15 key=value parser (DPC)
\KV@toks@=\toks16
)
(/usr/share/texlive/texmf-dist/tex/generic/iftex/ifvtex.sty
Package: ifvtex 2019/10/25 v1.7 ifvtex legacy package. Use iftex instead.
)
\Gm@cnth=\count177
\Gm@cntv=\count178
\c@Gm@tempcnt=\count179
\Gm@bindingoffset=\dimen136
\Gm@wd@mp=\dimen137
\Gm@odd@mp=\dimen138
\Gm@even@mp=\dimen139
\Gm@layoutwidth=\dimen140
\Gm@layoutheight=\dimen141
\Gm@layouthoffset=\dimen142
\Gm@layoutvoffset=\dimen143
\Gm@dimlist=\toks17
)
(/usr/share/texlive/texmf-dist/tex/latex/graphics/graphicx.sty
Package: graphicx 2019/11/30 v1.2a Enhanced LaTeX Graphics (DPC,SPQR)

(/usr/share/texlive/texmf-dist/tex/latex/graphics/graphics.sty
Package: graphics 2019/11/30 v1.4a Standard LaTeX Graphics (DPC,SPQR)

(/usr/share/texlive/texmf-dist/tex/latex/graphics/trig.sty
Package: trig 2016/01/03 v1.10 sin cos tan (DPC)
)
(/usr/share/texlive/texmf-dist/tex/latex/graphics-cfg/graphics.cfg
File: graphics.cfg 2016/06/04 v1.11 sample graphics configuration
)
Package graphics Info: Driver file: pdftex.def on input line 105.

(/usr/share/texlive/texmf-dist/tex/latex/graphics-def/pdftex.def
File: pdftex.def 2018/01/08 v1.0l Graphics/color driver for pdftex
))
\Gin@req@height=\dimen144
\Gin@req@width=\dimen145
)
(/usr/share/texlive/texmf-dist/tex/latex/float/float.sty
Package: float 2001/11/08 v1.3d Float enhancements (AL)
\c@float@type=\count180
\float@exts=\toks18
\float@box=\box46
\@float@everytoks=\toks19
\@floatcapt=\box47
)
(/usr/share/texlive/texmf-dist/tex/latex/cite/cite.sty
LaTeX Info: Redefining \cite on input line 302.
LaTeX Info: Redefining \nocite on input line 332.
Package: cite 2015/02/27  v 5.5
)
(/usr/share/texlive/texmf-dist/tex/latex/subfiles/subfiles.sty
Package: subfiles 2020/02/14 v1.6 Multi-file projects (package)

(/usr/share/texlive/texmf-dist/tex/latex/import/import.sty
Package: import 2009/03/23  v 5.1
))
(/usr/share/texlive/texmf-dist/tex/latex/subfig/subfig.sty
Package: subfig 2005/06/28 ver: 1.3 subfig package

(/usr/share/texlive/texmf-dist/tex/latex/caption/caption.sty
Package: caption 2020/01/03 v3.4h Customizing captions (AR)

(/usr/share/texlive/texmf-dist/tex/latex/caption/caption3.sty
Package: caption3 2020/01/03 v1.8h caption3 kernel (AR)
Package caption3 Info: TeX engine: e-TeX on input line 61.
\captionmargin=\dimen146
\captionmargin@=\dimen147
\captionwidth=\dimen148
\caption@tempdima=\dimen149
\caption@indent=\dimen150
\caption@parindent=\dimen151
\caption@hangindent=\dimen152
Package caption Info: Standard document class detected.
)
\c@caption@flags=\count181
\c@continuedfloat=\count182
Package caption Info: float package is loaded.
)
\c@KVtest=\count183
\sf@farskip=\skip58
\sf@captopadj=\dimen153
\sf@capskip=\skip59
\sf@nearskip=\skip60
\c@subfigure=\count184
\c@subfigure@save=\count185
\c@lofdepth=\count186
\c@subtable=\count187
\c@subtable@save=\count188
\c@lotdepth=\count189
\sf@top=\skip61
\sf@bottom=\skip62
)
(/usr/share/texlive/texmf-dist/tex/latex/amsmath/amsmath.sty
Package: amsmath 2020/01/20 v2.17e AMS math features
\@mathmargin=\skip63

For additional information on amsmath, use the `?' option.
(/usr/share/texlive/texmf-dist/tex/latex/amsmath/amstext.sty
Package: amstext 2000/06/29 v2.01 AMS text

(/usr/share/texlive/texmf-dist/tex/latex/amsmath/amsgen.sty
File: amsgen.sty 1999/11/30 v2.0 generic functions
\@emptytoks=\toks20
\ex@=\dimen154
))
(/usr/share/texlive/texmf-dist/tex/latex/amsmath/amsbsy.sty
Package: amsbsy 1999/11/29 v1.2d Bold Symbols
\pmbraise@=\dimen155
)
(/usr/share/texlive/texmf-dist/tex/latex/amsmath/amsopn.sty
Package: amsopn 2016/03/08 v2.02 operator names
)
\inf@bad=\count190
LaTeX Info: Redefining \frac on input line 227.
\uproot@=\count191
\leftroot@=\count192
LaTeX Info: Redefining \overline on input line 389.
\classnum@=\count193
\DOTSCASE@=\count194
LaTeX Info: Redefining \ldots on input line 486.
LaTeX Info: Redefining \dots on input line 489.
LaTeX Info: Redefining \cdots on input line 610.
\Mathstrutbox@=\box48
\strutbox@=\box49
\big@size=\dimen156
LaTeX Font Info:    Redeclaring font encoding OML on input line 733.
LaTeX Font Info:    Redeclaring font encoding OMS on input line 734.
\macc@depth=\count195
\c@MaxMatrixCols=\count196
\dotsspace@=\muskip16
\c@parentequation=\count197
\dspbrk@lvl=\count198
\tag@help=\toks21
\row@=\count199
\column@=\count266
\maxfields@=\count267
\andhelp@=\toks22
\eqnshift@=\dimen157
\alignsep@=\dimen158
\tagshift@=\dimen159
\tagwidth@=\dimen160
\totwidth@=\dimen161
\lineht@=\dimen162
\@envbody=\toks23
\multlinegap=\skip64
\multlinetaggap=\skip65
\mathdisplay@stack=\toks24
LaTeX Info: Redefining \[ on input line 2859.
LaTeX Info: Redefining \] on input line 2860.
)
(/usr/share/texlive/texmf-dist/tex/latex/jknapltx/mathrsfs.sty
Package: mathrsfs 1996/01/01 Math RSFS package v1.0 (jk)
\symrsfs=\mathgroup4
)
(/usr/share/texlive/texmf-dist/tex/latex/url/url.sty
\Urlmuskip=\muskip17
Package: url 2013/09/16  ver 3.4  Verb mode for urls, etc.
)
(/usr/share/texlive/texmf-dist/tex/latex/units/nicefrac.sty
Package: nicefrac 1998/08/04 v0.9b Nice fractions
\L@UnitsRaiseDisplaystyle=\skip66
\L@UnitsRaiseTextstyle=\skip67
\L@UnitsRaiseScriptstyle=\skip68

(/usr/share/texlive/texmf-dist/tex/latex/base/ifthen.sty
Package: ifthen 2014/09/29 v1.1c Standard LaTeX ifthen package (DPC)
))
(/usr/share/texlive/texmf-dist/tex/latex/siunitx/siunitx.sty
(/usr/share/texlive/texmf-dist/tex/latex/l3kernel/expl3.sty
Package: expl3 2020-02-14 L3 programming layer (loader) 

(/usr/share/texlive/texmf-dist/tex/latex/l3backend/l3backend-pdfmode.def
File: l3backend-pdfmode.def 2020-02-03 L3 backend support: PDF mode
\l__kernel_color_stack_int=\count268
\l__pdf_internal_box=\box50
))
(/usr/share/texlive/texmf-dist/tex/latex/l3packages/xparse/xparse.sty
Package: xparse 2020-02-14 L3 Experimental document command parser
\l__xparse_current_arg_int=\count269
\g__xparse_grabber_int=\count270
\l__xparse_m_args_int=\count271
\l__xparse_v_nesting_int=\count272
)
Package: siunitx 2020/01/15 v2.7u A comprehensive (SI) units package

(/usr/share/texlive/texmf-dist/tex/latex/tools/array.sty
Package: array 2019/08/31 v2.4l Tabular extension package (FMi)
\col@sep=\dimen163
\ar@mcellbox=\box51
\extrarowheight=\dimen164
\NC@list=\toks25
\extratabsurround=\skip69
\backup@length=\skip70
\ar@cellbox=\box52
)
(/usr/share/texlive/texmf-dist/tex/latex/l3packages/l3keys2e/l3keys2e.sty
Package: l3keys2e 2020-02-14 LaTeX2e option processing using LaTeX3 keys
)
\l__siunitx_tmp_box=\box53
\l__siunitx_tmp_dim=\dimen165
\l__siunitx_tmp_int=\count273
\l__siunitx_number_mantissa_length_int=\count274
\l__siunitx_number_uncert_length_int=\count275
\l__siunitx_round_int=\count276
\l__siunitx_process_decimal_int=\count277
\l__siunitx_process_uncertainty_int=\count278
\l__siunitx_process_fixed_int=\count279
\l__siunitx_process_integer_min_int=\count280
\l__siunitx_process_precision_int=\count281
\l__siunitx_group_min_int=\count282
\l__siunitx_angle_marker_box=\box54
\l__siunitx_angle_unit_box=\box55
\l__siunitx_angle_marker_dim=\dimen166
\l__siunitx_angle_unit_dim=\dimen167
\l__siunitx_unit_int=\count283
\l__siunitx_unit_denominator_int=\count284
\l__siunitx_unit_numerator_int=\count285
\l__siunitx_unit_prefix_int=\count286
\l__siunitx_unit_prefix_base_int=\count287
\l__siunitx_unit_prefix_gram_int=\count288
\l__siunitx_number_product_int=\count289
\c__siunitx_one_fill_skip=\skip71
\l__siunitx_table_unit_align_skip=\skip72
\l__siunitx_table_exponent_dim=\dimen168
\l__siunitx_table_integer_dim=\dimen169
\l__siunitx_table_mantissa_dim=\dimen170
\l__siunitx_table_marker_dim=\dimen171
\l__siunitx_table_result_dim=\dimen172
\l__siunitx_table_uncert_dim=\dimen173
\l__siunitx_table_fill_pre_dim=\dimen174
\l__siunitx_table_fill_post_dim=\dimen175
\l__siunitx_table_fill_mid_dim=\dimen176
\l__siunitx_table_pre_box=\box56
\l__siunitx_table_post_box=\box57
\l__siunitx_table_mantissa_box=\box58
\l__siunitx_table_result_box=\box59
\l__siunitx_table_number_align_skip=\skip73
\l__siunitx_table_text_align_skip=\skip74

(/usr/share/texlive/texmf-dist/tex/latex/translator/translator.sty
Package: translator 2019-05-31 v1.12a Easy translation of strings in LaTeX
))
(/usr/share/texlive/texmf-dist/tex/latex/adjustbox/adjustbox.sty
Package: adjustbox 2019/01/04 v1.2 Adjusting TeX boxes (trim, clip, ...)

(/usr/share/texlive/texmf-dist/tex/latex/xkeyval/xkeyval.sty
Package: xkeyval 2014/12/03 v2.7a package option processing (HA)

(/usr/share/texlive/texmf-dist/tex/generic/xkeyval/xkeyval.tex
(/usr/share/texlive/texmf-dist/tex/generic/xkeyval/xkvutils.tex
\XKV@toks=\toks26
\XKV@tempa@toks=\toks27
)
\XKV@depth=\count290
File: xkeyval.tex 2014/12/03 v2.7a key=value parser (HA)
))
(/usr/share/texlive/texmf-dist/tex/latex/adjustbox/adjcalc.sty
Package: adjcalc 2012/05/16 v1.1 Provides advanced setlength with multiple back
-ends (calc, etex, pgfmath)
)
(/usr/share/texlive/texmf-dist/tex/latex/adjustbox/trimclip.sty
Package: trimclip 2018/04/08 v1.1 Trim and clip general TeX material

(/usr/share/texlive/texmf-dist/tex/latex/collectbox/collectbox.sty
Package: collectbox 2012/05/17 v0.4b Collect macro arguments as boxes
\collectedbox=\box60
)
\tc@llx=\dimen177
\tc@lly=\dimen178
\tc@urx=\dimen179
\tc@ury=\dimen180
Package trimclip Info: Using driver 'tc-pdftex.def'.

(/usr/share/texlive/texmf-dist/tex/latex/adjustbox/tc-pdftex.def
File: tc-pdftex.def 2019/01/04 v2.2 Clipping driver for pdftex
))
\adjbox@Width=\dimen181
\adjbox@Height=\dimen182
\adjbox@Depth=\dimen183
\adjbox@Totalheight=\dimen184
\adjbox@pwidth=\dimen185
\adjbox@pheight=\dimen186
\adjbox@pdepth=\dimen187
\adjbox@ptotalheight=\dimen188

(/usr/share/texlive/texmf-dist/tex/latex/ifoddpage/ifoddpage.sty
Package: ifoddpage 2016/04/23 v1.1 Conditionals for odd/even page detection
\c@checkoddpage=\count291
)
(/usr/share/texlive/texmf-dist/tex/latex/varwidth/varwidth.sty
Package: varwidth 2009/03/30 ver 0.92;  Variable-width minipages
\@vwid@box=\box61
\sift@deathcycles=\count292
\@vwid@loff=\dimen189
\@vwid@roff=\dimen190
))
(/usr/share/texlive/texmf-dist/tex/latex/tools/bm.sty
Package: bm 2019/07/24 v1.2d Bold Symbol Support (DPC/FMi)
\symboldoperators=\mathgroup5
\symboldletters=\mathgroup6
\symboldsymbols=\mathgroup7
LaTeX Font Info:    Redeclaring math alphabet \mathbf on input line 141.
LaTeX Info: Redefining \bm on input line 209.
)
(/usr/share/texlive/texmf-dist/tex/latex/hyperref/hyperref.sty
Package: hyperref 2020/01/14 v7.00d Hypertext links for LaTeX

(/usr/share/texlive/texmf-dist/tex/generic/ltxcmds/ltxcmds.sty
Package: ltxcmds 2019/12/15 v1.24 LaTeX kernel commands for general use (HO)
)
(/usr/share/texlive/texmf-dist/tex/latex/pdftexcmds/pdftexcmds.sty
Package: pdftexcmds 2019/11/24 v0.31 Utility functions of pdfTeX for LuaTeX (HO
)

(/usr/share/texlive/texmf-dist/tex/generic/infwarerr/infwarerr.sty
Package: infwarerr 2019/12/03 v1.5 Providing info/warning/error messages (HO)
)
Package pdftexcmds Info: \pdf@primitive is available.
Package pdftexcmds Info: \pdf@ifprimitive is available.
Package pdftexcmds Info: \pdfdraftmode found.
)
(/usr/share/texlive/texmf-dist/tex/generic/kvsetkeys/kvsetkeys.sty
Package: kvsetkeys 2019/12/15 v1.18 Key value parser (HO)
)
(/usr/share/texlive/texmf-dist/tex/generic/kvdefinekeys/kvdefinekeys.sty
Package: kvdefinekeys 2019-12-19 v1.6 Define keys (HO)
)
(/usr/share/texlive/texmf-dist/tex/generic/pdfescape/pdfescape.sty
Package: pdfescape 2019/12/09 v1.15 Implements pdfTeX's escape features (HO)
)
(/usr/share/texlive/texmf-dist/tex/latex/hycolor/hycolor.sty
Package: hycolor 2020-01-27 v1.10 Color options for hyperref/bookmark (HO)
)
(/usr/share/texlive/texmf-dist/tex/latex/letltxmacro/letltxmacro.sty
Package: letltxmacro 2019/12/03 v1.6 Let assignment for LaTeX macros (HO)
)
(/usr/share/texlive/texmf-dist/tex/latex/auxhook/auxhook.sty
Package: auxhook 2019-12-17 v1.6 Hooks for auxiliary files (HO)
)
(/usr/share/texlive/texmf-dist/tex/latex/kvoptions/kvoptions.sty
Package: kvoptions 2019/11/29 v3.13 Key value format for package options (HO)
)
\@linkdim=\dimen191
\Hy@linkcounter=\count293
\Hy@pagecounter=\count294

(/usr/share/texlive/texmf-dist/tex/latex/hyperref/pd1enc.def
File: pd1enc.def 2020/01/14 v7.00d Hyperref: PDFDocEncoding definition (HO)
Now handling font encoding PD1 ...
... no UTF-8 mapping file for font encoding PD1
)
(/usr/share/texlive/texmf-dist/tex/generic/intcalc/intcalc.sty
Package: intcalc 2019/12/15 v1.3 Expandable calculations with integers (HO)
)
(/usr/share/texlive/texmf-dist/tex/generic/etexcmds/etexcmds.sty
Package: etexcmds 2019/12/15 v1.7 Avoid name clashes with e-TeX commands (HO)
)
\Hy@SavedSpaceFactor=\count295
\pdfmajorversion=\count296
Package hyperref Info: Hyper figures OFF on input line 4547.
Package hyperref Info: Link nesting OFF on input line 4552.
Package hyperref Info: Hyper index ON on input line 4555.
Package hyperref Info: Plain pages OFF on input line 4562.
Package hyperref Info: Backreferencing OFF on input line 4567.
Package hyperref Info: Implicit mode ON; LaTeX internals redefined.
Package hyperref Info: Bookmarks ON on input line 4800.
\c@Hy@tempcnt=\count297
LaTeX Info: Redefining \url on input line 5159.
\XeTeXLinkMargin=\dimen192

(/usr/share/texlive/texmf-dist/tex/generic/bitset/bitset.sty
Package: bitset 2019/12/09 v1.3 Handle bit-vector datatype (HO)

(/usr/share/texlive/texmf-dist/tex/generic/bigintcalc/bigintcalc.sty
Package: bigintcalc 2019/12/15 v1.5 Expandable calculations on big integers (HO
)
))
\Fld@menulength=\count298
\Field@Width=\dimen193
\Fld@charsize=\dimen194
Package hyperref Info: Hyper figures OFF on input line 6430.
Package hyperref Info: Link nesting OFF on input line 6435.
Package hyperref Info: Hyper index ON on input line 6438.
Package hyperref Info: backreferencing OFF on input line 6445.
Package hyperref Info: Link coloring OFF on input line 6450.
Package hyperref Info: Link coloring with OCG OFF on input line 6455.
Package hyperref Info: PDF/A mode OFF on input line 6460.
LaTeX Info: Redefining \ref on input line 6500.
LaTeX Info: Redefining \pageref on input line 6504.

(/usr/share/texlive/texmf-dist/tex/generic/atbegshi/atbegshi.sty
Package: atbegshi 2019/12/05 v1.19 At begin shipout hook (HO)
)
\Hy@abspage=\count299
\c@Item=\count300
\c@Hfootnote=\count301
)
Package hyperref Info: Driver (autodetected): hpdftex.

(/usr/share/texlive/texmf-dist/tex/latex/hyperref/hpdftex.def
File: hpdftex.def 2020/01/14 v7.00d Hyperref driver for pdfTeX

(/usr/share/texlive/texmf-dist/tex/latex/atveryend/atveryend.sty
Package: atveryend 2019-12-11 v1.11 Hooks at the very end of document (HO)
Package atveryend Info: \enddocument detected (standard20110627).
)
\Fld@listcount=\count302
\c@bookmark@seq@number=\count303

(/usr/share/texlive/texmf-dist/tex/latex/rerunfilecheck/rerunfilecheck.sty
Package: rerunfilecheck 2019/12/05 v1.9 Rerun checks for auxiliary files (HO)

(/usr/share/texlive/texmf-dist/tex/generic/uniquecounter/uniquecounter.sty
Package: uniquecounter 2019/12/15 v1.4 Provide unlimited unique counter (HO)
)
Package uniquecounter Info: New unique counter `rerunfilecheck' on input line 2
86.
)
\Hy@SectionHShift=\skip75
)
(/usr/share/texlive/texmf-dist/tex/latex/tools/verbatim.sty
Package: verbatim 2019/11/10 v1.5r LaTeX2e package for verbatim enhancements
\every@verbatim=\toks28
\verbatim@line=\toks29
\verbatim@in@stream=\read3
)
(/usr/share/texlive/texmf-dist/tex/latex/appendix/appendix.sty
Package: appendix 2020/02/08 v1.2c extra appendix facilities
\c@@pps=\count304
\c@@ppsavesec=\count305
\c@@ppsaveapp=\count306
)
(/usr/share/texlive/texmf-dist/tex/latex/multirow/multirow.sty
Package: multirow 2019/05/31 v2.5 Span multiple rows of a table
\multirow@colwidth=\skip76
\multirow@cntb=\count307
\multirow@dima=\skip77
\bigstrutjot=\dimen195
))
(/usr/share/texlive/texmf-dist/tex/latex/svg/svg.sty
Package: svg 2020/01/13 v2.02e (include SVG pictures)

(/usr/share/texlive/texmf-dist/tex/latex/koma-script/scrbase.sty
Package: scrbase 2020/01/24 v3.29 KOMA-Script package (KOMA-Script-independent 
basics and keyval usage)

(/usr/share/texlive/texmf-dist/tex/latex/koma-script/scrlfile.sty
Package: scrlfile 2020/01/24 v3.29 KOMA-Script package (loading files)
))
(/usr/share/texlive/texmf-dist/tex/latex/tools/shellesc.sty
Package: shellesc 2019/11/08 v1.0c unified shell escape interface for LaTeX
Package shellesc Info: Restricted shell escape enabled on input line 77.
)
(/usr/share/texlive/texmf-dist/tex/latex/trimspaces/trimspaces.sty
Package: trimspaces 2009/09/17 v1.1 Trim spaces around a token list
)
\svg@box=\box62
\c@svg@param@lastpage=\count308
\c@svg@param@currpage=\count309
)
(/usr/share/texlive/texmf-dist/tex/latex/xcolor/xcolor.sty
Package: xcolor 2016/05/11 v2.12 LaTeX color extensions (UK)

(/usr/share/texlive/texmf-dist/tex/latex/graphics-cfg/color.cfg
File: color.cfg 2016/01/02 v1.6 sample color configuration
)
Package xcolor Info: Driver file: pdftex.def on input line 225.
Package xcolor Info: Model `cmy' substituted by `cmy0' on input line 1348.
Package xcolor Info: Model `hsb' substituted by `rgb' on input line 1352.
Package xcolor Info: Model `RGB' extended on input line 1364.
Package xcolor Info: Model `HTML' substituted by `rgb' on input line 1366.
Package xcolor Info: Model `Hsb' substituted by `hsb' on input line 1367.
Package xcolor Info: Model `tHsb' substituted by `hsb' on input line 1368.
Package xcolor Info: Model `HSB' substituted by `hsb' on input line 1369.
Package xcolor Info: Model `Gray' substituted by `gray' on input line 1370.
Package xcolor Info: Model `wave' substituted by `hsb' on input line 1371.
)
(/usr/share/texlive/texmf-dist/tex/latex/transparent/transparent.sty
Package: transparent 2019/11/29 v1.4 Transparency via pdfTeX's color stack (HO)

)
(./main.aux

LaTeX Warning: Label `fig:16closs' multiply defined.


LaTeX Warning: Label `sub@fig:16closs' multiply defined.


LaTeX Warning: Label `fig:16closs' multiply defined.


LaTeX Warning: Label `sub@fig:16closs' multiply defined.

)
\openout1 = `main.aux'.

LaTeX Font Info:    Checking defaults for OML/cmm/m/it on input line 28.
LaTeX Font Info:    ... okay on input line 28.
LaTeX Font Info:    Checking defaults for OMS/cmsy/m/n on input line 28.
LaTeX Font Info:    ... okay on input line 28.
LaTeX Font Info:    Checking defaults for OT1/cmr/m/n on input line 28.
LaTeX Font Info:    ... okay on input line 28.
LaTeX Font Info:    Checking defaults for T1/cmr/m/n on input line 28.
LaTeX Font Info:    ... okay on input line 28.
LaTeX Font Info:    Checking defaults for TS1/cmr/m/n on input line 28.
LaTeX Font Info:    ... okay on input line 28.
LaTeX Font Info:    Checking defaults for OMX/cmex/m/n on input line 28.
LaTeX Font Info:    ... okay on input line 28.
LaTeX Font Info:    Checking defaults for U/cmr/m/n on input line 28.
LaTeX Font Info:    ... okay on input line 28.
LaTeX Font Info:    Checking defaults for C00/song/m/n on input line 28.
LaTeX Font Info:    ... okay on input line 28.
LaTeX Font Info:    Checking defaults for C05/song/m/n on input line 28.
LaTeX Font Info:    ... okay on input line 28.
LaTeX Font Info:    Checking defaults for C09/song/m/n on input line 28.
LaTeX Font Info:    ... okay on input line 28.
LaTeX Font Info:    Checking defaults for C10/song/m/n on input line 28.
LaTeX Font Info:    ... okay on input line 28.
LaTeX Font Info:    Checking defaults for C20/song/m/n on input line 28.
LaTeX Font Info:    ... okay on input line 28.
LaTeX Font Info:    Checking defaults for C19/song/m/n on input line 28.
LaTeX Font Info:    ... okay on input line 28.
LaTeX Font Info:    Checking defaults for C40/song/m/n on input line 28.
LaTeX Font Info:    ... okay on input line 28.
LaTeX Font Info:    Checking defaults for C42/song/m/n on input line 28.
LaTeX Font Info:    ... okay on input line 28.
LaTeX Font Info:    Checking defaults for C43/song/m/n on input line 28.
LaTeX Font Info:    ... okay on input line 28.
LaTeX Font Info:    Checking defaults for C50/song/m/n on input line 28.
LaTeX Font Info:    ... okay on input line 28.
LaTeX Font Info:    Checking defaults for C52/song/m/n on input line 28.
LaTeX Font Info:    ... okay on input line 28.
LaTeX Font Info:    Checking defaults for C49/song/m/n on input line 28.
LaTeX Font Info:    ... okay on input line 28.
LaTeX Font Info:    Checking defaults for C60/mj/m/n on input line 28.
LaTeX Font Info:    ... okay on input line 28.
LaTeX Font Info:    Checking defaults for C61/mj/m/n on input line 28.
LaTeX Font Info:    ... okay on input line 28.
LaTeX Font Info:    Checking defaults for C63/mj/m/n on input line 28.
LaTeX Font Info:    ... okay on input line 28.
LaTeX Font Info:    Checking defaults for C64/mj/m/n on input line 28.
LaTeX Font Info:    ... okay on input line 28.
LaTeX Font Info:    Checking defaults for C65/mj/m/n on input line 28.
LaTeX Font Info:    ... okay on input line 28.
LaTeX Font Info:    Checking defaults for C70/song/m/n on input line 28.
LaTeX Font Info:    ... okay on input line 28.
LaTeX Font Info:    Checking defaults for C31/song/m/n on input line 28.
LaTeX Font Info:    ... okay on input line 28.
LaTeX Font Info:    Checking defaults for C32/song/m/n on input line 28.
LaTeX Font Info:    ... okay on input line 28.
LaTeX Font Info:    Checking defaults for C33/song/m/n on input line 28.
LaTeX Font Info:    ... okay on input line 28.
LaTeX Font Info:    Checking defaults for C34/song/m/n on input line 28.
LaTeX Font Info:    ... okay on input line 28.
LaTeX Font Info:    Checking defaults for C35/song/m/n on input line 28.
LaTeX Font Info:    ... okay on input line 28.
LaTeX Font Info:    Checking defaults for C36/song/m/n on input line 28.
LaTeX Font Info:    ... okay on input line 28.
LaTeX Font Info:    Checking defaults for C37/song/m/n on input line 28.
LaTeX Font Info:    ... okay on input line 28.
LaTeX Font Info:    Checking defaults for C80/song/m/n on input line 28.
LaTeX Font Info:    ... okay on input line 28.
LaTeX Font Info:    Checking defaults for C81/song/m/n on input line 28.
LaTeX Font Info:    ... okay on input line 28.
LaTeX Font Info:    Checking defaults for C01/song/m/n on input line 28.
LaTeX Font Info:    ... okay on input line 28.
LaTeX Font Info:    Checking defaults for C11/song/m/n on input line 28.
LaTeX Font Info:    ... okay on input line 28.
LaTeX Font Info:    Checking defaults for C21/song/m/n on input line 28.
LaTeX Font Info:    ... okay on input line 28.
LaTeX Font Info:    Checking defaults for C41/song/m/n on input line 28.
LaTeX Font Info:    ... okay on input line 28.
LaTeX Font Info:    Checking defaults for C62/song/m/n on input line 28.
LaTeX Font Info:    ... okay on input line 28.
LaTeX Font Info:    Checking defaults for PD1/pdf/m/n on input line 28.
LaTeX Font Info:    ... okay on input line 28.

*geometry* driver: auto-detecting
*geometry* detected driver: pdftex
*geometry* verbose mode - [ preamble ] result:
* driver: pdftex
* paper: a4paper
* layout: <same size as paper>
* layoutoffset:(h,v)=(0.0pt,0.0pt)
* modes: twoside 
* h-part:(L,W,R)=(72.26999pt, 452.9679pt, 72.26999pt)
* v-part:(T,H,B)=(72.26999pt, 700.50687pt, 72.26999pt)
* \paperwidth=597.50787pt
* \paperheight=845.04684pt
* \textwidth=452.9679pt
* \textheight=700.50687pt
* \oddsidemargin=0.0pt
* \evensidemargin=0.0pt
* \topmargin=-37.0pt
* \headheight=12.0pt
* \headsep=25.0pt
* \topskip=12.0pt
* \footskip=30.0pt
* \marginparwidth=85.0pt
* \marginparsep=10.0pt
* \columnsep=10.0pt
* \skip\footins=10.8pt plus 4.0pt minus 2.0pt
* \hoffset=0.0pt
* \voffset=0.0pt
* \mag=1000
* \@twocolumnfalse
* \@twosidetrue
* \@mparswitchtrue
* \@reversemarginfalse
* (1in=72.27pt=25.4mm, 1cm=28.453pt)

(/usr/share/texlive/texmf-dist/tex/context/base/mkii/supp-pdf.mkii
[Loading MPS to PDF converter (version 2006.09.02).]
\scratchcounter=\count310
\scratchdimen=\dimen196
\scratchbox=\box63
\nofMPsegments=\count311
\nofMParguments=\count312
\everyMPshowfont=\toks30
\MPscratchCnt=\count313
\MPscratchDim=\dimen197
\MPnumerator=\count314
\makeMPintoPDFobject=\count315
\everyMPtoPDFconversion=\toks31
) (/usr/share/texlive/texmf-dist/tex/latex/epstopdf-pkg/epstopdf-base.sty
Package: epstopdf-base 2020-01-24 v2.11 Base part for package epstopdf
Package epstopdf-base Info: Redefining graphics rule for `.eps' on input line 4
85.

(/usr/share/texlive/texmf-dist/tex/latex/latexconfig/epstopdf-sys.cfg
File: epstopdf-sys.cfg 2010/07/13 v1.3 Configuration of (r)epstopdf for TeX Liv
e
))
Package caption Info: Begin \AtBeginDocument code.
Package caption Info: subfig package v1.3 is loaded.
Package caption Info: hyperref package is loaded.
Package caption Info: End \AtBeginDocument code.

(/usr/share/texlive/texmf-dist/tex/latex/translator/translator-basic-dictionary
-English.dict
Dictionary: translator-basic-dictionary, Language: English 
)
(/usr/share/texlive/texmf-dist/tex/latex/siunitx/siunitx-abbreviations.cfg
File: siunitx-abbreviations.cfg 2017/11/26 v2.7k siunitx: Abbreviated units
)
\AtBeginShipoutBox=\box64
Package hyperref Info: Link coloring OFF on input line 28.

(/usr/share/texlive/texmf-dist/tex/latex/hyperref/nameref.sty
Package: nameref 2019/09/16 v2.46 Cross-referencing by name of section

(/usr/share/texlive/texmf-dist/tex/latex/refcount/refcount.sty
Package: refcount 2019/12/15 v3.6 Data extraction from label references (HO)
)
(/usr/share/texlive/texmf-dist/tex/generic/gettitlestring/gettitlestring.sty
Package: gettitlestring 2019/12/15 v1.6 Cleanup title references (HO)
)
\c@section@level=\count316
)
LaTeX Info: Redefining \ref on input line 28.
LaTeX Info: Redefining \pageref on input line 28.
LaTeX Info: Redefining \nameref on input line 28.

(./main.out) (./main.out)
\@outlinefile=\write3
\openout3 = `main.out'.

LaTeX Font Info:    Trying to load font information for U+rsfs on input line 28
.

(/usr/share/texlive/texmf-dist/tex/latex/jknapltx/ursfs.fd
File: ursfs.fd 1998/03/24 rsfs font definition file (jk)
)
<./img/01_intro/hsc_logo.jpeg, id=56, 736.7525pt x 193.72375pt>
File: ./img/01_intro/hsc_logo.jpeg Graphic file (type jpg)
<use ./img/01_intro/hsc_logo.jpeg>
Package pdftex.def Info: ./img/01_intro/hsc_logo.jpeg  used on input line 43.
(pdftex.def)             Requested size: 135.89174pt x 35.72896pt.
 [1

{/var/lib/texmf/fonts/map/pdftex/updmap/pdftex.map} <./img/01_intro/hsc_logo.jp
eg>] (./main.toc)
\tf@toc=\write4
\openout4 = `main.toc'.


Package Fancyhdr Warning: \headheight is too small (12.0pt): 
Make it at least 14.49998pt.
We now make it that large for the rest of the document.
This may cause the page layout to be inconsistent, however.

pdfTeX warning (ext4): destination with the same identifier (name{page.}) has b
een already used, duplicate ignored
<to be read again> 
                   \relax 
l.74 \newpage
              [2

] (./chp/01_intro/chp.tex
Underfull \hbox (badness 10000) in paragraph at lines 11--22

 []


Underfull \hbox (badness 10000) in paragraph at lines 11--22

 []


Underfull \hbox (badness 10000) in paragraph at lines 11--22

 []


Underfull \hbox (badness 10000) in paragraph at lines 11--22

 []


Underfull \hbox (badness 10000) in paragraph at lines 11--22

 []

) [1] (./chp/02_cern/chp.tex
<./img/02_cern/sm.jpg, id=171, 2007.5pt x 1506.62875pt>
File: ./img/02_cern/sm.jpg Graphic file (type jpg)
<use ./img/02_cern/sm.jpg>
Package pdftex.def Info: ./img/02_cern/sm.jpg  used on input line 19.
(pdftex.def)             Requested size: 303.28688pt x 227.62204pt.

Underfull \hbox (badness 10000) in paragraph at lines 14--26

 []

<./img/02_cern/lhc2.jpg, id=180, 496.85625pt x 401.5pt>
File: ./img/02_cern/lhc2.jpg Graphic file (type jpg)
<use ./img/02_cern/lhc2.jpg>
Package pdftex.def Info: ./img/02_cern/lhc2.jpg  used on input line 31.
(pdftex.def)             Requested size: 369.73pt x 298.75394pt.

Underfull \hbox (badness 10000) in paragraph at lines 28--44

 []


Underfull \hbox (badness 10000) in paragraph at lines 28--44

 []


Underfull \hbox (badness 10000) in paragraph at lines 28--44

 []


Underfull \vbox (badness 5771) has occurred while \output is active []

 [2]
[3 <./img/02_cern/sm.jpg>] [4 <./img/02_cern/lhc2.jpg>]
<./img/02_cern/lhc3.pdf, id=220, 702.625pt x 394.47375pt>
File: ./img/02_cern/lhc3.pdf Graphic file (type pdf)
<use ./img/02_cern/lhc3.pdf>
Package pdftex.def Info: ./img/02_cern/lhc3.pdf  used on input line 59.
(pdftex.def)             Requested size: 405.43214pt x 227.62204pt.

Underfull \hbox (badness 10000) in paragraph at lines 66--73

 []


Underfull \hbox (badness 10000) in paragraph at lines 66--73

 []


Underfull \hbox (badness 10000) in paragraph at lines 66--73

 []

[5 <./img/02_cern/lhc3.pdf>]
<./img/02_cern/cms_coords.png, id=901, 900.36375pt x 453.695pt>
File: ./img/02_cern/cms_coords.png Graphic file (type png)
<use ./img/02_cern/cms_coords.png>
Package pdftex.def Info: ./img/02_cern/cms_coords.png  used on input line 79.
(pdftex.def)             Requested size: 451.71947pt x 227.62204pt.

Underfull \hbox (badness 10000) in paragraph at lines 75--88

 []

[6 <./img/02_cern/cms_coords.png>]
<./img/02_cern/cms.png, id=916, 3189.9175pt x 2253.41875pt>
File: ./img/02_cern/cms.png Graphic file (type png)
<use ./img/02_cern/cms.png>
Package pdftex.def Info: ./img/02_cern/cms.png  used on input line 91.
(pdftex.def)             Requested size: 483.28574pt x 341.43306pt.

Overfull \hbox (30.31784pt too wide) in paragraph at lines 91--92
 [] 
 []

[7 <./img/02_cern/cms.png>]
Overfull \hbox (2.5261pt too wide) in paragraph at lines 101--102
\OT1/cmr/m/n/12 The calorime-ter sys-tem in-cludes the elec-tro-mag-netic calor
ime-ter (ECAL) and the hadronic
 []

[8]
Underfull \hbox (badness 10000) in paragraph at lines 110--113

 []

) [9] (./chp/03_hgcal/chp.tex
<./img/03_hgcal/ecal_energy.png, id=969, 605.26125pt x 577.15625pt>
File: ./img/03_hgcal/ecal_energy.png Graphic file (type png)
<use ./img/03_hgcal/ecal_energy.png>
Package pdftex.def Info: ./img/03_hgcal/ecal_energy.png  used on input line 18.

(pdftex.def)             Requested size: 208.87076pt x 199.16928pt.
<./img/03_hgcal/SN_curve.png, id=970, 751.80875pt x 716.6775pt>
File: ./img/03_hgcal/SN_curve.png Graphic file (type png)
<use ./img/03_hgcal/SN_curve.png>
Package pdftex.def Info: ./img/03_hgcal/SN_curve.png  used on input line 20.
(pdftex.def)             Requested size: 210.36734pt x 196.32384pt.

Underfull \hbox (badness 10000) in paragraph at lines 23--30

 []


Underfull \hbox (badness 10000) in paragraph at lines 23--30

 []


Underfull \hbox (badness 10000) in paragraph at lines 23--30

 []

[10]
<./img/03_hgcal/hgcal3.png, id=996, 853.1875pt x 1061.9675pt>
File: ./img/03_hgcal/hgcal3.png Graphic file (type png)
<use ./img/03_hgcal/hgcal3.png>
Package pdftex.def Info: ./img/03_hgcal/hgcal3.png  used on input line 38.
(pdftex.def)             Requested size: 217.87889pt x 227.62204pt.
<./img/03_hgcal/hgcal1.jpg, id=998, 810.52812pt x 539.51563pt>
File: ./img/03_hgcal/hgcal1.jpg Graphic file (type jpg)
<use ./img/03_hgcal/hgcal1.jpg>
Package pdftex.def Info: ./img/03_hgcal/hgcal1.jpg  used on input line 40.
(pdftex.def)             Requested size: 172.57037pt x 227.62204pt.

Underfull \hbox (badness 10000) in paragraph at lines 45--50

 []


Underfull \hbox (badness 10000) in paragraph at lines 45--50

 []

[11 <./img/03_hgcal/SN_curve.png> <./img/03_hgcal/ecal_energy.png>] [12 <./img/
03_hgcal/hgcal3.png> <./img/03_hgcal/hgcal1.jpg>]
<./img/03_hgcal/e_processes.png, id=1038, 853.1875pt x 589.20125pt>
File: ./img/03_hgcal/e_processes.png Graphic file (type png)
<use ./img/03_hgcal/e_processes.png>
Package pdftex.def Info: ./img/03_hgcal/e_processes.png  used on input line 60.

(pdftex.def)             Requested size: 251.32361pt x 173.56198pt.
<./img/03_hgcal/gamma_processes.png, id=1039, 534.99875pt x 479.7925pt>
File: ./img/03_hgcal/gamma_processes.png Graphic file (type png)
<use ./img/03_hgcal/gamma_processes.png>
Package pdftex.def Info: ./img/03_hgcal/gamma_processes.png  used on input line
 61.
(pdftex.def)             Requested size: 206.22414pt x 184.9429pt.

Overfull \hbox (4.57985pt too wide) in paragraph at lines 60--62
 [][][][] 
 []

<./img/03_hgcal/g_energy_domains.png, id=1042, 736.7525pt x 473.77pt>
File: ./img/03_hgcal/g_energy_domains.png Graphic file (type png)
<use ./img/03_hgcal/g_energy_domains.png>
Package pdftex.def Info: ./img/03_hgcal/g_energy_domains.png  used on input lin
e 66.
(pdftex.def)             Requested size: 353.9632pt x 227.62204pt.

Underfull \hbox (badness 10000) in paragraph at lines 74--78

 []


Underfull \hbox (badness 10000) in paragraph at lines 85--89

 []

[13 <./img/03_hgcal/e_processes.png> <./img/03_hgcal/gamma_processes.png>]
<./img/03_hgcal/g_e_distrib_proc.png, id=1062, 736.7525pt x 501.875pt>
File: ./img/03_hgcal/g_e_distrib_proc.png Graphic file (type png)
<use ./img/03_hgcal/g_e_distrib_proc.png>
Package pdftex.def Info: ./img/03_hgcal/g_e_distrib_proc.png  used on input lin
e 102.
(pdftex.def)             Requested size: 334.15492pt x 227.62204pt.

Underfull \hbox (badness 10000) in paragraph at lines 96--111

 []


Underfull \hbox (badness 10000) in paragraph at lines 96--111

 []


Overfull \hbox (0.77322pt too wide) in paragraph at lines 96--111
\OT1/cmr/m/n/12 Calorimeters can be con-structed ei-ther as ho-mo-ge-neous calo
rime-ters or sam-pling calorime-
 []

[14 <./img/03_hgcal/g_energy_domains.png>]
<./img/03_hgcal/sensor.png, id=1079, 653.0799pt x 532.6299pt>
File: ./img/03_hgcal/sensor.png Graphic file (type png)
<use ./img/03_hgcal/sensor.png>
Package pdftex.def Info: ./img/03_hgcal/sensor.png  used on input line 116.
(pdftex.def)             Requested size: 279.0949pt x 227.62204pt.
<./img/03_hgcal/c_v.png, id=1081, 664.4825pt x 578.16pt>
File: ./img/03_hgcal/c_v.png Graphic file (type png)
<use ./img/03_hgcal/c_v.png>
Package pdftex.def Info: ./img/03_hgcal/c_v.png  used on input line 125.
(pdftex.def)             Requested size: 212.54749pt x 184.9429pt.
<./img/03_hgcal/i_v.png, id=1082, 748.7975pt x 655.44875pt>
File: ./img/03_hgcal/i_v.png Graphic file (type png)
<use ./img/03_hgcal/i_v.png>
Package pdftex.def Info: ./img/03_hgcal/i_v.png  used on input line 126.
(pdftex.def)             Requested size: 211.28432pt x 184.9429pt.

Underfull \hbox (badness 10000) in paragraph at lines 113--137

 []


Underfull \hbox (badness 10000) in paragraph at lines 113--137

 []


Underfull \hbox (badness 10000) in paragraph at lines 113--137

 []

[15 <./img/03_hgcal/g_e_distrib_proc.png>] [16 <./img/03_hgcal/sensor.png>]
<./img/03_hgcal/roc1.jpeg, id=1101, 1322.9425pt x 817.0525pt>
File: ./img/03_hgcal/roc1.jpeg Graphic file (type jpg)
<use ./img/03_hgcal/roc1.jpeg>
Package pdftex.def Info: ./img/03_hgcal/roc1.jpeg  used on input line 142.
(pdftex.def)             Requested size: 230.3476pt x 142.26378pt.

[17 <./img/03_hgcal/c_v.png> <./img/03_hgcal/i_v.png>]
Overfull \hbox (2.62738pt too wide) in paragraph at lines 150--151
[]\OT1/cmr/m/n/12 Smaller en-er-gies are mea-sured di-rectly via a 10-bit analo
g-to-digital con-verter (ADC)
 []

<./img/03_hgcal/roc2.png, id=1113, 932.48375pt x 581.17125pt>
File: ./img/03_hgcal/roc2.png Graphic file (type png)
<use ./img/03_hgcal/roc2.png>
Package pdftex.def Info: ./img/03_hgcal/roc2.png  used on input line 157.
(pdftex.def)             Requested size: 433.70006pt x 270.30118pt.

Underfull \hbox (badness 10000) in paragraph at lines 154--164

 []

[18 <./img/03_hgcal/roc1.jpeg>]
<./img/03_hgcal/trig.png, id=1125, 953.5625pt x 623.32875pt>
File: ./img/03_hgcal/trig.png Graphic file (type png)
<use ./img/03_hgcal/trig.png>
Package pdftex.def Info: ./img/03_hgcal/trig.png  used on input line 169.
(pdftex.def)             Requested size: 435.26843pt x 284.52756pt.
 [19 <./img/03_hgcal/roc2.png>]
<./img/03_hgcal/thr_algo.png, id=1138, 2055.68pt x 1452.42625pt>
File: ./img/03_hgcal/thr_algo.png Graphic file (type png)
<use ./img/03_hgcal/thr_algo.png>
Package pdftex.def Info: ./img/03_hgcal/thr_algo.png  used on input line 184.
(pdftex.def)             Requested size: 268.10188pt x 199.16928pt.
<./img/03_hgcal/bc_algo.png, id=1140, 2055.68pt x 1452.42625pt>
File: ./img/03_hgcal/bc_algo.png Graphic file (type png)
<use ./img/03_hgcal/bc_algo.png>
Package pdftex.def Info: ./img/03_hgcal/bc_algo.png  used on input line 186.
(pdftex.def)             Requested size: 268.10188pt x 199.16928pt.
<./img/03_hgcal/stc_algo.png, id=1142, 2055.68pt x 1452.42625pt>
File: ./img/03_hgcal/stc_algo.png Graphic file (type png)
<use ./img/03_hgcal/stc_algo.png>
Package pdftex.def Info: ./img/03_hgcal/stc_algo.png  used on input line 188.
(pdftex.def)             Requested size: 268.10188pt x 199.16928pt.


LaTeX Warning: Float too large for page by 19.00096pt on input line 192.


Underfull \hbox (badness 10000) in paragraph at lines 193--194

 []

) [20 <./img/03_hgcal/trig.png>] [21 <./img/03_hgcal/thr_algo.png> <./img/03_hg
cal/bc_algo.png> <./img/03_hgcal/stc_algo.png>] (./chp/04_char/chp.tex
Underfull \hbox (badness 10000) in paragraph at lines 11--14

 []


Underfull \hbox (badness 10000) in paragraph at lines 11--14

 []

<./img/04_char/roc3.pdf, id=1172, 836.45801pt x 327.44232pt>
File: ./img/04_char/roc3.pdf Graphic file (type pdf)
<use ./img/04_char/roc3.pdf>
Package pdftex.def Info: ./img/04_char/roc3.pdf  used on input line 21.
(pdftex.def)             Requested size: 436.0966pt x 170.71652pt.

Underfull \hbox (badness 10000) in paragraph at lines 16--26

 []


Underfull \hbox (badness 10000) in paragraph at lines 28--31

 []

[22 <./img/04_char/roc3.pdf>]
<./img/04_char/rocchar.png, id=1219, 636.3775pt x 985.6825pt>
File: ./img/04_char/rocchar.png Graphic file (type png)
<use ./img/04_char/rocchar.png>
Package pdftex.def Info: ./img/04_char/rocchar.png  used on input line 36.
(pdftex.def)             Requested size: 101.02623pt x 156.49014pt.
<./img/04_char/trophy.jpeg, id=1220, 1814.78pt x 891.33pt>
File: ./img/04_char/trophy.jpeg Graphic file (type jpg)
<use ./img/04_char/trophy.jpeg>
Package pdftex.def Info: ./img/04_char/trophy.jpeg  used on input line 38.
(pdftex.def)             Requested size: 318.61583pt x 156.49014pt.
 [23 <./img/04_char/rocchar.png> <./img/04_char/trophy.jpeg>]
<./img/04_char/sw.png, id=1234, 1223.57124pt x 363.3575pt>
File: ./img/04_char/sw.png Graphic file (type png)
<use ./img/04_char/sw.png>
Package pdftex.def Info: ./img/04_char/sw.png  used on input line 48.
(pdftex.def)             Requested size: 450.3245pt x 133.72786pt.
<./img/04_char/i2c_reg.png, id=1236, 913.4125pt x 502.87875pt>
File: ./img/04_char/i2c_reg.png Graphic file (type png)
<use ./img/04_char/i2c_reg.png>
Package pdftex.def Info: ./img/04_char/i2c_reg.png  used on input line 57.
(pdftex.def)             Requested size: 310.08226pt x 170.71652pt.
 [24 <./img/04_char/sw.png>]
<./img/04_char/write_cache.png, id=1253, 843.15pt x 377.41pt>
File: ./img/04_char/write_cache.png Graphic file (type png)
<use ./img/04_char/write_cache.png>
Package pdftex.def Info: ./img/04_char/write_cache.png  used on input line 98.
(pdftex.def)             Requested size: 444.95042pt x 199.16928pt.

Underfull \hbox (badness 10000) in paragraph at lines 69--103

 []


Underfull \hbox (badness 10000) in paragraph at lines 69--103

 []


Underfull \hbox (badness 10000) in paragraph at lines 69--103

 []


Underfull \hbox (badness 10000) in paragraph at lines 69--103

 []


Underfull \hbox (badness 10000) in paragraph at lines 69--103

 []

[25 <./img/04_char/i2c_reg.png>] [26]
Underfull \hbox (badness 10000) in paragraph at lines 109--112

 []

[27 <./img/04_char/write_cache.png>]
<./img/04_char/probedc.png, id=1279, 2067.725pt x 1353.055pt>
File: ./img/04_char/probedc.png Graphic file (type png)
<use ./img/04_char/probedc.png>
Package pdftex.def Info: ./img/04_char/probedc.png  used on input line 125.
(pdftex.def)             Requested size: 347.8487pt x 227.62204pt.
<./img/04_char/calibration_circuit.pdf, id=1284, 366.79935pt x 101.80736pt>
File: ./img/04_char/calibration_circuit.pdf Graphic file (type pdf)
<use ./img/04_char/calibration_circuit.pdf>
Package pdftex.def Info: ./img/04_char/calibration_circuit.pdf  used on input l
ine 136.
(pdftex.def)             Requested size: 307.53847pt x 85.35826pt.

Underfull \hbox (badness 10000) in paragraph at lines 122--141

 []

[28]
<./img/04_char/intctest.png, id=1295, 1959.32pt x 1017.8025pt>
File: ./img/04_char/intctest.png Graphic file (type png)
<use ./img/04_char/intctest.png>
Package pdftex.def Info: ./img/04_char/intctest.png  used on input line 143.
(pdftex.def)             Requested size: 369.88582pt x 192.14206pt.
<./img/04_char/pedestal_run1.png, id=1299, 1300.86pt x 650.43pt>
File: ./img/04_char/pedestal_run1.png Graphic file (type png)
<use ./img/04_char/pedestal_run1.png>
Package pdftex.def Info: ./img/04_char/pedestal_run1.png  used on input line 15
2.
(pdftex.def)             Requested size: 398.33977pt x 199.16928pt.
<./img/04_char/pedestal_run2.png, id=1300, 1300.86pt x 650.43pt>
File: ./img/04_char/pedestal_run2.png Graphic file (type png)
<use ./img/04_char/pedestal_run2.png>
Package pdftex.def Info: ./img/04_char/pedestal_run2.png  used on input line 15
3.
(pdftex.def)             Requested size: 398.33977pt x 199.16928pt.
<./img/04_char/pedestal_scan_edited.png, id=1303, 1445.4pt x 722.7pt>
File: ./img/04_char/pedestal_scan_edited.png Graphic file (type png)
<use ./img/04_char/pedestal_scan_edited.png>
Package pdftex.def Info: ./img/04_char/pedestal_scan_edited.png  used on input 
line 159.
(pdftex.def)             Requested size: 540.60236pt x 270.29504pt.
 [29 <./img/04_char/probedc.png> <./img/04_char/calibration_circuit.pdf>]
Underfull \vbox (badness 10000) has occurred while \output is active []

 [30 <./img/04_char/intctest.png>] [31 <./img/04_char/pedestal_run1.png> <./img
/04_char/pedestal_run2.png>] [32 <./img/04_char/pedestal_scan_edited.png>]
<./img/04_char/vref2d.png, id=1351, 1161.33875pt x 462.72874pt>
File: ./img/04_char/vref2d.png Graphic file (type png)
<use ./img/04_char/vref2d.png>
Package pdftex.def Info: ./img/04_char/vref2d.png  used on input line 178.
(pdftex.def)             Requested size: 428.4659pt x 170.71652pt.
<./img/04_char/sat2d.png, id=1352, 1168.365pt x 462.72874pt>
File: ./img/04_char/sat2d.png Graphic file (type png)
<use ./img/04_char/sat2d.png>
Package pdftex.def Info: ./img/04_char/sat2d.png  used on input line 179.
(pdftex.def)             Requested size: 431.05817pt x 170.71652pt.
<./img/04_char/dyn_range2d.png, id=1353, 1171.37625pt x 480.79625pt>
File: ./img/04_char/dyn_range2d.png Graphic file (type png)
<use ./img/04_char/dyn_range2d.png>
Package pdftex.def Info: ./img/04_char/dyn_range2d.png  used on input line 180.

(pdftex.def)             Requested size: 443.64409pt x 182.09746pt.
<./img/04_char/sampling_scan.png, id=1355, 1445.4pt x 722.7pt>
File: ./img/04_char/sampling_scan.png Graphic file (type png)
<use ./img/04_char/sampling_scan.png>
Package pdftex.def Info: ./img/04_char/sampling_scan.png  used on input line 18
7.
(pdftex.def)             Requested size: 483.69684pt x 241.84409pt.
<./img/04_char/injection_scan2.png, id=1358, 462.528pt x 346.896pt>
File: ./img/04_char/injection_scan2.png Graphic file (type png)
<use ./img/04_char/injection_scan2.png>
Package pdftex.def Info: ./img/04_char/injection_scan2.png  used on input line 
196.
(pdftex.def)             Requested size: 227.6217pt x 170.71652pt.
<./img/04_char/injection_scan1.png, id=1359, 462.528pt x 346.896pt>
File: ./img/04_char/injection_scan1.png Graphic file (type png)
<use ./img/04_char/injection_scan1.png>
Package pdftex.def Info: ./img/04_char/injection_scan1.png  used on input line 
197.
(pdftex.def)             Requested size: 227.6217pt x 170.71652pt.

Overfull \hbox (10.10876pt too wide) in paragraph at lines 196--198
 [][][][] 
 []


Underfull \hbox (badness 10000) in paragraph at lines 202--205

 []

[33] [34 <./img/04_char/vref2d.png> <./img/04_char/sat2d.png> <./img/04_char/dy
n_range2d.png>] [35 <./img/04_char/sampling_scan.png> <./img/04_char/injection_
scan2.png> <./img/04_char/injection_scan1.png>]) [36] (./chp/05_nn/chp.tex
<./img/05_nn/nn.png, id=1396, 750.805pt x 389.455pt>
File: ./img/05_nn/nn.png Graphic file (type png)
<use ./img/05_nn/nn.png>
Package pdftex.def Info: ./img/05_nn/nn.png  used on input line 19.
(pdftex.def)             Requested size: 301.67998pt x 156.49014pt.

Underfull \hbox (badness 10000) in paragraph at lines 14--26

 []

[37 <./img/05_nn/nn.png>]
Underfull \hbox (badness 10000) in paragraph at lines 36--39

 []


Underfull \hbox (badness 10000) in paragraph at lines 42--48

 []


Underfull \hbox (badness 10000) in paragraph at lines 42--48

 []

[38]
Underfull \hbox (badness 10000) in paragraph at lines 51--55

 []

<./img/05_nn/autoencoder.png, id=1423, 302.5704pt x 171.2799pt>
File: ./img/05_nn/autoencoder.png Graphic file (type png)
<use ./img/05_nn/autoencoder.png>
Package pdftex.def Info: ./img/05_nn/autoencoder.png  used on input line 62.
(pdftex.def)             Requested size: 402.13194pt x 227.62204pt.

Underfull \hbox (badness 10000) in paragraph at lines 57--69

 []

[39]
<./img/05_nn/conv.png, id=1439, 1798.0776pt x 391.2216pt>
File: ./img/05_nn/conv.png Graphic file (type png)
<use ./img/05_nn/conv.png>
Package pdftex.def Info: ./img/05_nn/conv.png  used on input line 76.
(pdftex.def)             Requested size: 457.69435pt x 99.58464pt.

Overfull \hbox (4.72646pt too wide) in paragraph at lines 76--77
 [] 
 []


Underfull \hbox (badness 10000) in paragraph at lines 71--83

 []

[40 <./img/05_nn/autoencoder.png (PNG copy)>]
Underfull \hbox (badness 10000) in paragraph at lines 85--92

 []


Underfull \hbox (badness 10000) in paragraph at lines 85--92

 []

<./img/05_nn/mnist.png, id=1453, 596.2275pt x 362.35374pt>
File: ./img/05_nn/mnist.png Graphic file (type png)
<use ./img/05_nn/mnist.png>
Package pdftex.def Info: ./img/05_nn/mnist.png  used on input line 97.
(pdftex.def)             Requested size: 327.72598pt x 199.16928pt.
[41 <./img/05_nn/conv.png>]
Underfull \hbox (badness 10000) in paragraph at lines 113--116

 []

[42 <./img/05_nn/mnist.png>]
<./img/05_nn/rate.png, id=1477, 1094.0875pt x 568.1225pt>
File: ./img/05_nn/rate.png Graphic file (type png)
<use ./img/05_nn/rate.png>
Package pdftex.def Info: ./img/05_nn/rate.png  used on input line 124.
(pdftex.def)             Requested size: 328.763pt x 170.71652pt.
 [43] [44 <./img/05_nn/rate.png>]
<./img/05_nn/concept_arch.jpeg, id=1502, 2055.68pt x 1454.43375pt>
File: ./img/05_nn/concept_arch.jpeg Graphic file (type jpg)
<use ./img/05_nn/concept_arch.jpeg>
Package pdftex.def Info: ./img/05_nn/concept_arch.jpeg  used on input line 142.

(pdftex.def)             Requested size: 442.33899pt x 312.9803pt.
<./img/05_nn/1split_model.jpeg, id=1508, 2055.68pt x 2055.68pt>
File: ./img/05_nn/1split_model.jpeg Graphic file (type jpg)
<use ./img/05_nn/1split_model.jpeg>
Package pdftex.def Info: ./img/05_nn/1split_model.jpeg  used on input line 158.

(pdftex.def)             Requested size: 329.98193pt x 256.0748pt.

Underfull \hbox (badness 10000) in paragraph at lines 149--165

 []


Underfull \hbox (badness 10000) in paragraph at lines 149--165

 []


Underfull \hbox (badness 10000) in paragraph at lines 149--165

 []

[45] [46 <./img/05_nn/concept_arch.jpeg>]
<./img/05_nn/1split_FCAE_expl.png, id=1522, 748.7975pt x 282.05376pt>
File: ./img/05_nn/1split_FCAE_expl.png Graphic file (type png)
<use ./img/05_nn/1split_FCAE_expl.png>
Package pdftex.def Info: ./img/05_nn/1split_FCAE_expl.png  used on input line 1
74.
(pdftex.def)             Requested size: 453.22383pt x 170.71652pt.
<./img/05_nn/1split_expl.png, id=1523, 748.7975pt x 282.05376pt>
File: ./img/05_nn/1split_expl.png Graphic file (type png)
<use ./img/05_nn/1split_expl.png>
Package pdftex.def Info: ./img/05_nn/1split_expl.png  used on input line 176.
(pdftex.def)             Requested size: 453.22383pt x 170.71652pt.
<./img/05_nn/01_cae16_loss_epoch1000.png, id=1527, 436.14105pt x 290.7607pt>
File: ./img/05_nn/01_cae16_loss_epoch1000.png Graphic file (type png)
<use ./img/05_nn/01_cae16_loss_epoch1000.png>
Package pdftex.def Info: ./img/05_nn/01_cae16_loss_epoch1000.png  used on input
 line 187.
(pdftex.def)             Requested size: 298.76147pt x 199.16928pt.
<./img/05_nn/summary_MSE_1split.png, id=1529, 505.89pt x 289.08pt>
File: ./img/05_nn/summary_MSE_1split.png Graphic file (type png)
<use ./img/05_nn/summary_MSE_1split.png>
Package pdftex.def Info: ./img/05_nn/summary_MSE_1split.png  used on input line
 196.
(pdftex.def)             Requested size: 348.54727pt x 199.16928pt.

Underfull \hbox (badness 10000) in paragraph at lines 169--202

 []


Underfull \hbox (badness 10000) in paragraph at lines 169--202

 []


Underfull \hbox (badness 10000) in paragraph at lines 169--202

 []

[47 <./img/05_nn/1split_model.jpeg>]
Underfull \vbox (badness 10000) has occurred while \output is active []

 [48]
[49 <./img/05_nn/1split_FCAE_expl.png> <./img/05_nn/1split_expl.png>]
<./img/05_nn/4split_model.jpeg, id=1554, 2055.68pt x 2055.68pt>
File: ./img/05_nn/4split_model.jpeg Graphic file (type jpg)
<use ./img/05_nn/4split_model.jpeg>
Package pdftex.def Info: ./img/05_nn/4split_model.jpeg  used on input line 209.

(pdftex.def)             Requested size: 323.78654pt x 256.0748pt.
<./img/05_nn/F4S_freeWeights_expl.png, id=1561, 749.80125pt x 282.05376pt>
File: ./img/05_nn/F4S_freeWeights_expl.png Graphic file (type png)
<use ./img/05_nn/F4S_freeWeights_expl.png>
Package pdftex.def Info: ./img/05_nn/F4S_freeWeights_expl.png  used on input li
ne 218.
(pdftex.def)             Requested size: 453.83138pt x 170.71652pt.
<./img/05_nn/4split_freeWeights_expl.png, id=1562, 749.80125pt x 282.05376pt>
File: ./img/05_nn/4split_freeWeights_expl.png Graphic file (type png)
<use ./img/05_nn/4split_freeWeights_expl.png>
Package pdftex.def Info: ./img/05_nn/4split_freeWeights_expl.png  used on input
 line 220.
(pdftex.def)             Requested size: 453.83138pt x 170.71652pt.

Overfull \hbox (0.86348pt too wide) in paragraph at lines 218--221
 [] 
 []


Overfull \hbox (0.86348pt too wide) in paragraph at lines 218--221
 [][] 
 []


Underfull \hbox (badness 10000) in paragraph at lines 204--227

 []


Underfull \vbox (badness 4927) has occurred while \output is active []

 [50 <./img/05_nn/01_cae16_loss_epoch1000.png> <./img/05_nn/summary_MSE_1split.
png>]
<./img/05_nn/4split_freeWeights_sames.png, id=1570, 335.2525pt x 555.07375pt>
File: ./img/05_nn/4split_freeWeights_sames.png Graphic file (type png)
<use ./img/05_nn/4split_freeWeights_sames.png>
Package pdftex.def Info: ./img/05_nn/4split_freeWeights_sames.png  used on inpu
t line 234.
(pdftex.def)             Requested size: 171.85126pt x 284.52756pt.
<./img/05_nn/4split_sharedWeights_sames.png, id=1571, 335.2525pt x 555.07375pt>

File: ./img/05_nn/4split_sharedWeights_sames.png Graphic file (type png)
<use ./img/05_nn/4split_sharedWeights_sames.png>
Package pdftex.def Info: ./img/05_nn/4split_sharedWeights_sames.png  used on in
put line 236.
(pdftex.def)             Requested size: 171.85126pt x 284.52756pt.
<./img/05_nn/4split_sharedWeights_expl.png, id=1575, 749.80125pt x 282.05376pt>

File: ./img/05_nn/4split_sharedWeights_expl.png Graphic file (type png)
<use ./img/05_nn/4split_sharedWeights_expl.png>
Package pdftex.def Info: ./img/05_nn/4split_sharedWeights_expl.png  used on inp
ut line 244.
(pdftex.def)             Requested size: 453.83138pt x 170.71652pt.

Overfull \hbox (0.86348pt too wide) in paragraph at lines 244--245
 [] 
 []


Underfull \hbox (badness 10000) in paragraph at lines 229--251

 []

[51]
Underfull \vbox (badness 10000) has occurred while \output is active []

 [52 <./img/05_nn/4split_model.jpeg>] [53 <./img/05_nn/F4S_freeWeights_expl.png
> <./img/05_nn/4split_freeWeights_expl.png>] [54 <./img/05_nn/4split_freeWeight
s_sames.png> <./img/05_nn/4split_sharedWeights_sames.png> <./img/05_nn/4split_s
haredWeights_expl.png>]
<./img/05_nn/16split_random_expl.png, id=1609, 669.50125pt x 79.29625pt>
File: ./img/05_nn/16split_random_expl.png Graphic file (type png)
<use ./img/05_nn/16split_random_expl.png>
Package pdftex.def Info: ./img/05_nn/16split_random_expl.png  used on input lin
e 258.
(pdftex.def)             Requested size: 456.43985pt x 54.06006pt.

Overfull \hbox (3.47195pt too wide) in paragraph at lines 258--259
 [] 
 []

<./img/05_nn/16split_model.jpeg, id=1611, 2055.68pt x 2055.68pt>
File: ./img/05_nn/16split_model.jpeg Graphic file (type jpg)
<use ./img/05_nn/16split_model.jpeg>
Package pdftex.def Info: ./img/05_nn/16split_model.jpeg  used on input line 267
.
(pdftex.def)             Requested size: 233.63773pt x 224.7766pt.
<./img/05_nn/16split_reco_expl.png, id=1614, 906.38625pt x 555.07375pt>
File: ./img/05_nn/16split_reco_expl.png Graphic file (type png)
<use ./img/05_nn/16split_reco_expl.png>
Package pdftex.def Info: ./img/05_nn/16split_reco_expl.png  used on input line 
278.
(pdftex.def)             Requested size: 418.14597pt x 256.0748pt.

Underfull \hbox (badness 10000) in paragraph at lines 253--304

 []


Underfull \hbox (badness 10000) in paragraph at lines 253--304

 []

[55 <./img/05_nn/16split_random_expl.png>]
<./img/05_nn/16split_classif_expl6.png, id=1629, 1084.05pt x 722.7pt>
File: ./img/05_nn/16split_classif_expl6.png Graphic file (type png)
<use ./img/05_nn/16split_classif_expl6.png>
Package pdftex.def Info: ./img/05_nn/16split_classif_expl6.png  used on input l
ine 311.
(pdftex.def)             Requested size: 498.31635pt x 369.88582pt.

Overfull \hbox (45.34845pt too wide) in paragraph at lines 311--312
 [] 
 []

<./img/05_nn/16split_regr_expl.png, id=1632, 1084.05pt x 722.7pt>
File: ./img/05_nn/16split_regr_expl.png Graphic file (type png)
<use ./img/05_nn/16split_regr_expl.png>
Package pdftex.def Info: ./img/05_nn/16split_regr_expl.png  used on input line 
320.
(pdftex.def)             Requested size: 498.31635pt x 369.88582pt.

Overfull \hbox (45.34845pt too wide) in paragraph at lines 320--321
 [] 
 []


Underfull \hbox (badness 10000) in paragraph at lines 306--327

 []

[56 <./img/05_nn/16split_model.jpeg>] [57 <./img/05_nn/16split_reco_expl.png>]
[58 <./img/05_nn/16split_classif_expl6.png>] [59 <./img/05_nn/16split_regr_expl
.png>]
<./img/05_nn/16split_classif_regre_expl6.png, id=1667, 1084.05pt x 939.51pt>
File: ./img/05_nn/16split_classif_regre_expl6.png Graphic file (type png)
<use ./img/05_nn/16split_classif_regre_expl6.png>
Package pdftex.def Info: ./img/05_nn/16split_classif_regre_expl6.png  used on i
nput line 334.
(pdftex.def)             Requested size: 418.91147pt x 426.79134pt.
<./img/05_nn/asym.png, id=1669, 433.62pt x 289.08pt>
File: ./img/05_nn/asym.png Graphic file (type png)
<use ./img/05_nn/asym.png>
Package pdftex.def Info: ./img/05_nn/asym.png  used on input line 362.
(pdftex.def)             Requested size: 426.81056pt x 284.52756pt.
 [60] [61 <./img/05_nn/16split_classif_regre_expl6.png>] [62 <./img/05_nn/asym.
png>]
<./img/05_nn/summary_MSE.png, id=1692, 505.89pt x 289.08pt>
File: ./img/05_nn/summary_MSE.png Graphic file (type png)
<use ./img/05_nn/summary_MSE.png>
Package pdftex.def Info: ./img/05_nn/summary_MSE.png  used on input line 377.
(pdftex.def)             Requested size: 323.64497pt x 184.9429pt.
<./img/05_nn/summary_MAPE.png, id=1693, 505.89pt x 289.08pt>
File: ./img/05_nn/summary_MAPE.png Graphic file (type png)
<use ./img/05_nn/summary_MAPE.png>
Package pdftex.def Info: ./img/05_nn/summary_MAPE.png  used on input line 379.
(pdftex.def)             Requested size: 323.64497pt x 184.9429pt.
<./img/05_nn/summary_CCE_acc.png, id=1694, 505.89pt x 289.08pt>
File: ./img/05_nn/summary_CCE_acc.png Graphic file (type png)
<use ./img/05_nn/summary_CCE_acc.png>
Package pdftex.def Info: ./img/05_nn/summary_CCE_acc.png  used on input line 38
1.
(pdftex.def)             Requested size: 323.64497pt x 184.9429pt.

Underfull \hbox (badness 10000) in paragraph at lines 370--408

 []


Underfull \hbox (badness 10000) in paragraph at lines 370--408

 []

[63] [64 <./img/05_nn/summary_MSE.png> <./img/05_nn/summary_MAPE.png> <./img/05
_nn/summary_CCE_acc.png>]
<./img/05_nn/cluster.png, id=1716, 961.5925pt x 254.9525pt>
File: ./img/05_nn/cluster.png Graphic file (type png)
<use ./img/05_nn/cluster.png>
Package pdftex.def Info: ./img/05_nn/cluster.png  used on input line 421.
(pdftex.def)             Requested size: 429.26454pt x 113.81102pt.
<./img/05_nn/conf_matrix.png, id=1720, 1084.05pt x 722.7pt>
File: ./img/05_nn/conf_matrix.png Graphic file (type png)
<use ./img/05_nn/conf_matrix.png>
Package pdftex.def Info: ./img/05_nn/conf_matrix.png  used on input line 432.
(pdftex.def)             Requested size: 453.65935pt x 398.33858pt.

Overfull \hbox (0.69145pt too wide) in paragraph at lines 432--433
 [] 
 []

<./img/05_nn/x_mean_residuals.png, id=1722, 722.7pt x 361.35pt>
File: ./img/05_nn/x_mean_residuals.png Graphic file (type png)
<use ./img/05_nn/x_mean_residuals.png>
Package pdftex.def Info: ./img/05_nn/x_mean_residuals.png  used on input line 4
39.
(pdftex.def)             Requested size: 455.24826pt x 227.62204pt.
<./img/05_nn/y_mean_residuals.png, id=1723, 722.7pt x 361.35pt>
File: ./img/05_nn/y_mean_residuals.png Graphic file (type png)
<use ./img/05_nn/y_mean_residuals.png>
Package pdftex.def Info: ./img/05_nn/y_mean_residuals.png  used on input line 4
41.
(pdftex.def)             Requested size: 455.24826pt x 227.62204pt.

Overfull \hbox (2.28036pt too wide) in paragraph at lines 439--442
 [] 
 []


Overfull \hbox (2.28036pt too wide) in paragraph at lines 439--442
 [][] 
 []


Underfull \hbox (badness 10000) in paragraph at lines 410--446

 []


Underfull \hbox (badness 10000) in paragraph at lines 410--446

 []


Underfull \hbox (badness 10000) in paragraph at lines 410--446

 []


Underfull \hbox (badness 10000) in paragraph at lines 410--446

 []


Underfull \hbox (badness 10000) in paragraph at lines 410--446

 []

) [65] [66 <./img/05_nn/conf_matrix.png> <./img/05_nn/cluster.png>] [67 <./img/
05_nn/x_mean_residuals.png> <./img/05_nn/y_mean_residuals.png>]
(./chp/06_summary/chp.tex
Underfull \hbox (badness 10000) in paragraph at lines 11--20

 []


Underfull \hbox (badness 10000) in paragraph at lines 11--20

 []


Underfull \hbox (badness 10000) in paragraph at lines 11--20

 []


Underfull \hbox (badness 10000) in paragraph at lines 11--20

 []

) [68]
<./img/05_nn/gradient_descent.png, id=1763, 702.625pt x 366.36874pt>
File: ./img/05_nn/gradient_descent.png Graphic file (type png)
<use ./img/05_nn/gradient_descent.png>
Package pdftex.def Info: ./img/05_nn/gradient_descent.png  used on input line 1
04.
(pdftex.def)             Requested size: 436.54501pt x 227.62204pt.
<./img/05_nn/backprop.png, id=1767, 710.655pt x 353.32pt>
File: ./img/05_nn/backprop.png Graphic file (type png)
<use ./img/05_nn/backprop.png>
Package pdftex.def Info: ./img/05_nn/backprop.png  used on input line 115.
(pdftex.def)             Requested size: 457.8322pt x 227.62204pt.

Overfull \hbox (4.8643pt too wide) in paragraph at lines 115--116
 [] 
 []


Underfull \hbox (badness 10000) in paragraph at lines 100--122

 []

[69 <./img/05_nn/gradient_descent.png (PNG copy)>] [70 <./img/05_nn/backprop.pn
g>]

LaTeX Warning: Command \textless invalid in math mode on input line 177.

LaTeX Font Info:    Trying to load font information for OML+cmr on input line 1
77.
(/usr/share/texlive/texmf-dist/tex/latex/base/omlcmr.fd
File: omlcmr.fd 2019/12/16 v2.5j Standard LaTeX font definitions
)
LaTeX Font Info:    Font shape `OML/cmr/m/n' in size <12> not available
(Font)              Font shape `OML/cmm/m/it' tried instead on input line 177.


LaTeX Warning: Command \textless invalid in math mode on input line 177.


Underfull \hbox (badness 10000) in paragraph at lines 176--181

 []


Underfull \hbox (badness 10000) in paragraph at lines 176--181

 []


Underfull \hbox (badness 10000) in paragraph at lines 176--181

 []

[71]
Underfull \vbox (badness 1418) has occurred while \output is active []

 [72]
Overfull \hbox (2.85236pt too wide) in paragraph at lines 287--311
 [][] 
 []


Underfull \vbox (badness 10000) has occurred while \output is active []

 [73]
<./img/05_nn/4split_loss_freeWeights.png, id=1819, 433.62pt x 289.08pt>
File: ./img/05_nn/4split_loss_freeWeights.png Graphic file (type png)
<use ./img/05_nn/4split_loss_freeWeights.png>
Package pdftex.def Info: ./img/05_nn/4split_loss_freeWeights.png  used on input
 line 352.
(pdftex.def)             Requested size: 234.73357pt x 156.49014pt.
<./img/05_nn/4split_loss_sharedWeights.png, id=1820, 433.62pt x 289.08pt>
File: ./img/05_nn/4split_loss_sharedWeights.png Graphic file (type png)
<use ./img/05_nn/4split_loss_sharedWeights.png>
Package pdftex.def Info: ./img/05_nn/4split_loss_sharedWeights.png  used on inp
ut line 354.
(pdftex.def)             Requested size: 234.73357pt x 156.49014pt.

Overfull \hbox (16.49924pt too wide) in paragraph at lines 352--355
 [][][][] 
 []

<./img/05_nn/16split_reco_loss.png, id=1821, 433.62pt x 289.08pt>
File: ./img/05_nn/16split_reco_loss.png Graphic file (type png)
<use ./img/05_nn/16split_reco_loss.png>
Package pdftex.def Info: ./img/05_nn/16split_reco_loss.png  used on input line 
359.
(pdftex.def)             Requested size: 234.73357pt x 156.49014pt.
<./img/05_nn/16split_regr_loss.png, id=1822, 433.62pt x 289.08pt>
File: ./img/05_nn/16split_regr_loss.png Graphic file (type png)
<use ./img/05_nn/16split_regr_loss.png>
Package pdftex.def Info: ./img/05_nn/16split_regr_loss.png  used on input line 
361.
(pdftex.def)             Requested size: 234.73357pt x 156.49014pt.
<./img/05_nn/16split_classif_loss.png, id=1823, 433.62pt x 289.08pt>
File: ./img/05_nn/16split_classif_loss.png Graphic file (type png)
<use ./img/05_nn/16split_classif_loss.png>
Package pdftex.def Info: ./img/05_nn/16split_classif_loss.png  used on input li
ne 363.
(pdftex.def)             Requested size: 234.73357pt x 156.49014pt.
<./img/05_nn/16split_classif_acc.png, id=1824, 433.62pt x 289.08pt>
File: ./img/05_nn/16split_classif_acc.png Graphic file (type png)
<use ./img/05_nn/16split_classif_acc.png>
Package pdftex.def Info: ./img/05_nn/16split_classif_acc.png  used on input lin
e 365.
(pdftex.def)             Requested size: 234.73357pt x 156.49014pt.

Overfull \hbox (16.49924pt too wide) in paragraph at lines 359--366
 [][][][] 
 []


Overfull \hbox (16.49924pt too wide) in paragraph at lines 359--366
 [][][][] 
 []


Underfull \vbox (badness 10000) has occurred while \output is active []

 [74]
<./img/05_nn/decoder_weights.png, id=1832, 714.67pt x 281.05pt>
File: ./img/05_nn/decoder_weights.png Graphic file (type png)
<use ./img/05_nn/decoder_weights.png>
Package pdftex.def Info: ./img/05_nn/decoder_weights.png  used on input line 37
2.
(pdftex.def)             Requested size: 434.10512pt x 170.71652pt.
<./img/05_nn/class_weights.png, id=1833, 714.67pt x 281.05pt>
File: ./img/05_nn/class_weights.png Graphic file (type png)
<use ./img/05_nn/class_weights.png>
Package pdftex.def Info: ./img/05_nn/class_weights.png  used on input line 374.

(pdftex.def)             Requested size: 434.10512pt x 170.71652pt.
<./img/05_nn/regr_weights.png, id=1834, 714.67pt x 281.05pt>
File: ./img/05_nn/regr_weights.png Graphic file (type png)
<use ./img/05_nn/regr_weights.png>
Package pdftex.def Info: ./img/05_nn/regr_weights.png  used on input line 376.
(pdftex.def)             Requested size: 434.10512pt x 170.71652pt.

[75 <./img/05_nn/4split_loss_freeWeights.png> <./img/05_nn/4split_loss_sharedWe
ights.png> <./img/05_nn/16split_reco_loss.png> <./img/05_nn/16split_regr_loss.p
ng> <./img/05_nn/16split_classif_loss.png> <./img/05_nn/16split_classif_acc.png
>] [76 <./img/05_nn/decoder_weights.png> <./img/05_nn/class_weights.png> <./img
/05_nn/regr_weights.png>] (./main.bbl
Underfull \hbox (badness 4156) in paragraph at lines 4--8
\OT1/cmtt/m/n/12 CMSPublic / LumiPublicResults # 2018 _ proton _ proton _ colli
sions$[]\OT1/cmr/m/n/12 .  Last ac-
 []


Underfull \hbox (badness 10000) in paragraph at lines 22--25
[]\OT1/cmr/m/n/12 I2C Info - I2C Bus, In-ter-face and Pro-to-col.  []$\OT1/cmtt
/m/n/12 https : / / i2c . info /
 []


Underfull \hbox (badness 7186) in paragraph at lines 60--65
[]\OT1/cmr/m/n/12 Trophyboard Schematic.  []$\OT1/cmtt/m/n/12 https : / / edms 
. cern . ch / file / 2232628 / 1 / Trophy _
 []

[77]
Underfull \hbox (badness 8170) in paragraph at lines 123--128
[]\OT1/cmr/m/n/12 D. Bar-ney.  CMS High-Granularity Calorime-ter (HG-CAL).  []$
\OT1/cmtt/m/n/12 https :
 []


Underfull \hbox (badness 10000) in paragraph at lines 123--128
\OT1/cmtt/m/n/12 / / indico . cern . ch / event / 718124 / attachments / 162453
3 / 2612800 /
 []

[78]
Underfull \hbox (badness 3769) in paragraph at lines 249--256
[]\OT1/cmr/m/n/12 P. W. Higgs.  Bro-ken sym-me-tries, mass-less par-ti-cles and
 gauge fields.
 []


Underfull \hbox (badness 10000) in paragraph at lines 258--264
\OT1/cmtt/m/n/12 Decentralized _ autonomous _ fault _ detection _ in _ wireless
 _ structural _
 []


Underfull \hbox (badness 1226) in paragraph at lines 266--270
[]\OT1/cmr/m/n/12 J. Jor-dan.  In-tro-duc-tion to au-toen-coders.  []$\OT1/cmtt
/m/n/12 https : / / www . jeremyjordan . me /
 []

[79]
Underfull \hbox (badness 10000) in paragraph at lines 300--306
\OT1/cmtt/m/n/12 net / publication / 285926063 _ A _ Survey _ Of _ Architectura
l _ Techniques _ for _
 []


Underfull \hbox (badness 10000) in paragraph at lines 353--357
\OT1/cmtt/m/n/12 / / indico . cern . ch / event / 879499 / contributions / 3714
002 / attachments /
 []

[80]
Underfull \hbox (badness 1062) in paragraph at lines 393--399
[]\OT1/cmr/m/n/12 M. Tan-abashi et al.  Pas-sage of par-ti-cles through mat-ter
.  \OT1/cmr/m/it/12 Phys. Rev. D
 []


Underfull \hbox (badness 3219) in paragraph at lines 409--414
[]\OT1/cmr/m/n/12 D. Thien-pont.  HGCROC2/2A Datasheet.  Tech-ni-cal re-port, C
ERN, 2
 []


Underfull \hbox (badness 10000) in paragraph at lines 409--414
\OT1/cmr/m/n/12 2019.  URL: []$\OT1/cmtt/m/n/12 https : / / readthedocs . web .
 cern . ch / download / attachments /
 []


Underfull \hbox (badness 10000) in paragraph at lines 409--414
\OT1/cmtt/m/n/12 131957941 / HGCROC2 _ datasheet _ v1 _ draft . pdf ? version =
 1 & modificationDate =
 []


Underfull \hbox (badness 2343) in paragraph at lines 430--435
[]\OT1/cmr/m/n/12 Xilinx.  \OT1/cmr/m/it/12 AXI Ref-er-ence Guide\OT1/cmr/m/n/1
2 , 01 2012.  Ver-sion 13.4.  URL: []$\OT1/cmtt/m/n/12 https :
 []


Underfull \hbox (badness 10000) in paragraph at lines 430--435
\OT1/cmtt/m/n/12 / / www . xilinx . com / support / documentation / ip _ docume
ntation / axi _ ref _
 []


Underfull \hbox (badness 3364) in paragraph at lines 437--447
\OT1/cmtt/m/n/12 sciencedirect . com / science / article / pii / S0168900219306
023$[]\OT1/cmr/m/n/12 , []$\OT1/cmtt/m/n/12 doi : https : / /
 []

) [81] (/usr/share/texmf/tex/latex/CJK/UTF8/UTF8.bdg
File: UTF8.bdg 2015/04/18 4.8.4
)
(/usr/share/texmf/tex/latex/CJK/UTF8/UTF8.enc
File: UTF8.enc 2015/04/18 4.8.4
)
(/usr/share/texmf/tex/latex/CJK/UTF8/UTF8.chr
File: UTF8.chr 2015/04/18 4.8.4
)
LaTeX Font Info:    Trying to load font information for C70+bsmi on input line 
411.

(/usr/share/texmf/tex/latex/CJK/UTF8/c70bsmi.fd
File: c70bsmi.fd 2008/10/03 4.8.1
)
(/usr/share/texmf/tex/latex/CJK/UTF8/c70bsmi.fdx
File: c70bsmi.fdx 2012/05/07 4.8.3
)
Underfull \hbox (badness 10000) in paragraph at lines 393--412

 []


Underfull \hbox (badness 10000) in paragraph at lines 393--412

 []


Underfull \hbox (badness 10000) in paragraph at lines 393--412

 []


Underfull \hbox (badness 10000) in paragraph at lines 393--412

 []


Underfull \hbox (badness 10000) in paragraph at lines 393--412

 []


Underfull \hbox (badness 10000) in paragraph at lines 393--412

 []


Underfull \hbox (badness 10000) in paragraph at lines 393--412

 []

[82]
Package atveryend Info: Empty hook `BeforeClearDocument' on input line 414.
Package atveryend Info: Empty hook `AfterLastShipout' on input line 414.
 (./main.aux)
Package atveryend Info: Executing hook `AtVeryEndDocument' on input line 414.
Package atveryend Info: Executing hook `AtEndAfterFileList' on input line 414.
Package rerunfilecheck Info: File `main.out' has not changed.
(rerunfilecheck)             Checksum: D5C7AC6294F77E1125AF8F06A1AEAB65;814.


LaTeX Warning: There were multiply-defined labels.

Package atveryend Info: Empty hook `AtVeryVeryEnd' on input line 414.
 ) 
Here is how much of TeX's memory you used:
 16497 strings out of 481239
 290442 string characters out of 5920377
 605602 words of memory out of 5000000
 30900 multiletter control sequences out of 15000+600000
 552284 words of font info for 97 fonts, out of 8000000 for 9000
 1141 hyphenation exceptions out of 8191
 58i,16n,98p,2169b,1369s stack positions out of 5000i,500n,10000p,200000b,80000s
{/usr/share/texmf/fonts/enc/dvips/cm-super/cm-super-ts1.enc}</usr/share/texmf
/fonts/type1/arphic/bsmiu/bsmiu30.pfb></usr/share/texmf/fonts/type1/arphic/bsmi
u/bsmiu4e.pfb></usr/share/texmf/fonts/type1/arphic/bsmiu/bsmiu4f.pfb></usr/shar
e/texmf/fonts/type1/arphic/bsmiu/bsmiu54.pfb></usr/share/texmf/fonts/type1/arph
ic/bsmiu/bsmiu60.pfb></usr/share/texmf/fonts/type1/arphic/bsmiu/bsmiu61.pfb></u
sr/share/texmf/fonts/type1/arphic/bsmiu/bsmiu63.pfb></usr/share/texmf/fonts/typ
e1/arphic/bsmiu/bsmiu65.pfb></usr/share/texmf/fonts/type1/arphic/bsmiu/bsmiu76.
pfb></usr/share/texmf/fonts/type1/arphic/bsmiu/bsmiu89.pfb></usr/share/texmf/fo
nts/type1/arphic/bsmiu/bsmiu8b.pfb></usr/share/texmf/fonts/type1/arphic/bsmiu/b
smiuff.pfb></usr/share/texlive/texmf-dist/fonts/type1/public/amsfonts/cm/cmbsy1
0.pfb></usr/share/texlive/texmf-dist/fonts/type1/public/amsfonts/cm/cmbx10.pfb>
</usr/share/texlive/texmf-dist/fonts/type1/public/amsfonts/cm/cmbx12.pfb></usr/
share/texlive/texmf-dist/fonts/type1/public/amsfonts/cm/cmex10.pfb></usr/share/
texlive/texmf-dist/fonts/type1/public/amsfonts/cm/cmmi10.pfb></usr/share/texliv
e/texmf-dist/fonts/type1/public/amsfonts/cm/cmmi12.pfb></usr/share/texlive/texm
f-dist/fonts/type1/public/amsfonts/cm/cmmi5.pfb></usr/share/texlive/texmf-dist/
fonts/type1/public/amsfonts/cm/cmmi6.pfb></usr/share/texlive/texmf-dist/fonts/t
ype1/public/amsfonts/cm/cmmi7.pfb></usr/share/texlive/texmf-dist/fonts/type1/pu
blic/amsfonts/cm/cmmi8.pfb></usr/share/texlive/texmf-dist/fonts/type1/public/am
sfonts/cm/cmmib10.pfb></usr/share/texlive/texmf-dist/fonts/type1/public/amsfont
s/cm/cmr10.pfb></usr/share/texlive/texmf-dist/fonts/type1/public/amsfonts/cm/cm
r12.pfb></usr/share/texlive/texmf-dist/fonts/type1/public/amsfonts/cm/cmr17.pfb
></usr/share/texlive/texmf-dist/fonts/type1/public/amsfonts/cm/cmr6.pfb></usr/s
hare/texlive/texmf-dist/fonts/type1/public/amsfonts/cm/cmr7.pfb></usr/share/tex
live/texmf-dist/fonts/type1/public/amsfonts/cm/cmr8.pfb></usr/share/texlive/tex
mf-dist/fonts/type1/public/amsfonts/cm/cmss10.pfb></usr/share/texlive/texmf-dis
t/fonts/type1/public/amsfonts/cm/cmsy10.pfb></usr/share/texlive/texmf-dist/font
s/type1/public/amsfonts/cm/cmsy8.pfb></usr/share/texlive/texmf-dist/fonts/type1
/public/amsfonts/cm/cmti12.pfb></usr/share/texlive/texmf-dist/fonts/type1/publi
c/amsfonts/cm/cmtt10.pfb></usr/share/texlive/texmf-dist/fonts/type1/public/amsf
onts/cm/cmtt12.pfb></usr/share/texlive/texmf-dist/fonts/type1/public/rsfs/rsfs1
0.pfb></usr/share/texmf/fonts/type1/public/cm-super/sfrm1200.pfb>
Output written on main.pdf (84 pages, 18188951 bytes).
PDF statistics:
 2231 PDF objects out of 2487 (max. 8388607)
 1389 compressed objects within 14 object streams
 364 named destinations out of 1000 (max. 500000)
 646 words of extra memory for PDF output out of 10000 (max. 10000000)

